# JRE version: OpenJDK Runtime Environment Corretto-11.0.15.9.1 (11.0.15+9) (build 11.0.15+9-LTS)
# Java VM: OpenJDK 64-Bit Server VM Corretto-11.0.15.9.1 (11.0.15+9-LTS, mixed mode, tiered, compressed oops, g1 gc, windows-amd64)
Heap:
 garbage-first heap   total 262144K, used 62609K [0x0000000701200000, 0x0000000800000000)
  region size 1024K, 57 young (58368K), 9 survivors (9216K)
 Metaspace       used 42040K, capacity 43507K, committed 43728K, reserved 1089536K
  class space    used 5332K, capacity 5917K, committed 6016K, reserved 1048576K
GC Heap History (10 events):
Event: 1.438 GC heap before
{Heap before GC invocations=0 (full 0):
 garbage-first heap   total 262144K, used 25600K [0x0000000701200000, 0x0000000800000000)
  region size 1024K, 24 young (24576K), 0 survivors (0K)
 Metaspace       used 14645K, capacity 15007K, committed 15104K, reserved 1062912K
  class space    used 1538K, capacity 1705K, committed 1792K, reserved 1048576K
}
Event: 1.445 GC heap after
{Heap after GC invocations=1 (full 0):
 garbage-first heap   total 262144K, used 7386K [0x0000000701200000, 0x0000000800000000)
  region size 1024K, 3 young (3072K), 3 survivors (3072K)
 Metaspace       used 14645K, capacity 15007K, committed 15104K, reserved 1062912K
  class space    used 1538K, capacity 1705K, committed 1792K, reserved 1048576K
}
Event: 3.220 GC heap before
{Heap before GC invocations=1 (full 0):
 garbage-first heap   total 262144K, used 27866K [0x0000000701200000, 0x0000000800000000)
  region size 1024K, 23 young (23552K), 3 survivors (3072K)
 Metaspace       used 18273K, capacity 18890K, committed 18944K, reserved 1067008K
  class space    used 2047K, capacity 2302K, committed 2304K, reserved 1048576K
}
Event: 3.224 GC heap after
{Heap after GC invocations=2 (full 0):
 garbage-first heap   total 262144K, used 8570K [0x0000000701200000, 0x0000000800000000)
  region size 1024K, 2 young (2048K), 2 survivors (2048K)
 Metaspace       used 18273K, capacity 18890K, committed 18944K, reserved 1067008K
  class space    used 2047K, capacity 2302K, committed 2304K, reserved 1048576K
}
Event: 3.406 GC heap before
{Heap before GC invocations=2 (full 0):
 garbage-first heap   total 262144K, used 22906K [0x0000000701200000, 0x0000000800000000)
  region size 1024K, 17 young (17408K), 2 survivors (2048K)
 Metaspace       used 20521K, capacity 21277K, committed 21552K, reserved 1069056K
  class space    used 2368K, capacity 2657K, committed 2688K, reserved 1048576K
}
Event: 3.409 GC heap after
{Heap after GC invocations=3 (full 0):
 garbage-first heap   total 262144K, used 9031K [0x0000000701200000, 0x0000000800000000)
  region size 1024K, 2 young (2048K), 2 survivors (2048K)
 Metaspace       used 20521K, capacity 21277K, committed 21552K, reserved 1069056K
  class space    used 2368K, capacity 2657K, committed 2688K, reserved 1048576K
}
Event: 7.569 GC heap before
{Heap before GC invocations=4 (full 0):
 garbage-first heap   total 262144K, used 94023K [0x0000000701200000, 0x0000000800000000)
  region size 1024K, 86 young (88064K), 2 survivors (2048K)
 Metaspace       used 28509K, capacity 29508K, committed 29744K, reserved 1075200K
  class space    used 3451K, capacity 3841K, committed 3968K, reserved 1048576K
}
Event: 7.579 GC heap after
{Heap after GC invocations=5 (full 0):
 garbage-first heap   total 262144K, used 12082K [0x0000000701200000, 0x0000000800000000)
  region size 1024K, 5 young (5120K), 5 survivors (5120K)
 Metaspace       used 28509K, capacity 29508K, committed 29744K, reserved 1075200K
  class space    used 3451K, capacity 3841K, committed 3968K, reserved 1048576K
}
Event: 15.078 GC heap before
{Heap before GC invocations=5 (full 0):
 garbage-first heap   total 262144K, used 70450K [0x0000000701200000, 0x0000000800000000)
  region size 1024K, 63 young (64512K), 5 survivors (5120K)
 Metaspace       used 34467K, capacity 35787K, committed 35920K, reserved 1081344K
  class space    used 4248K, capacity 4798K, committed 4864K, reserved 1048576K
}
Event: 15.089 GC heap after
{Heap after GC invocations=6 (full 0):
 garbage-first heap   total 262144K, used 15505K [0x0000000701200000, 0x0000000800000000)
  region size 1024K, 9 young (9216K), 9 survivors (9216K)
 Metaspace       used 34467K, capacity 35787K, committed 35920K, reserved 1081344K
  class space    used 4248K, capacity 4798K, committed 4864K, reserved 1048576K
}

